f:\fggc\debug\vc120.pdb
f:\fggc\debug\vc120.idb
f:\fggc\debug\dx11 framework.obj
f:\fggc\debug\ddstextureloader.obj
f:\fggc\debug\application.obj
f:\fggc\debug\application.sbr
f:\fggc\debug\ddstextureloader.sbr
f:\fggc\debug\dx11 framework.sbr
f:\fggc\debug\objloader.sbr
f:\fggc\debug\objloader.obj
f:\fggc\debug\dx11 framework.res
f:\fggc\debug\dx11 framework.ilk
f:\fggc\debug\dx11 framework.exe
f:\fggc\debug\dx11 framework.pdb
f:\fggc\debug\dx11 framework.bsc
f:\fggc\debug\dx11 framework.tlog\cl.read.1.tlog
f:\fggc\debug\dx11 framework.tlog\rc.read.1.tlog
f:\fggc\debug\dx11 framework.tlog\cl.write.1.tlog
f:\fggc\debug\dx11 framework.tlog\cl.command.1.tlog
f:\fggc\debug\dx11 framework.tlog\link.read.1.tlog
f:\fggc\debug\dx11 framework.tlog\rc.write.1.tlog
f:\fggc\debug\dx11 framework.tlog\rc.command.1.tlog
f:\fggc\debug\dx11 framework.tlog\link.write.1.tlog
f:\fggc\debug\dx11 framework.tlog\bscmake.read.1.tlog
f:\fggc\debug\dx11 framework.tlog\bscmake.write.1.tlog
f:\fggc\debug\dx11 framework.tlog\bscmake.command.1.tlog
f:\fggc\debug\dx11 framework.tlog\link.command.1.tlog
